<?xml version="1.0" encoding="UTF-8"?>
<!-- Generated by org.testng.reporters.JUnitReportReporter -->
<testsuite hostname="DESKTOP-9Q2JR52" failures="0" tests="1" name="com.google.qa.FirstTest" time="3.442" errors="0" timestamp="29 abr. 2023 16:52:02 GMT" skipped="0">
  <testcase classname="com.google.qa.FirstTest" name="f" time="3.442"/>
</testsuite> <!-- com.google.qa.FirstTest -->
